2022-6-16 23:48:10:454 info /api/v1/product  66258dcd-bdc5-4287-9b05-433790d45eea response: {"success":false,"error":"schema.validateAsync is not a function"}
2022-6-16 23:48:54:427 info /api/v1/product POST 3c998dd6-98a6-4f80-b731-0858344a15e1 request: {"productName":"test123","productDescription":"test","productPrice":300.4,"productRating":4.5,"productImage":"test","productCategory":"test","productNumberOfReviews":1,"productStock":1}
2022-6-16 23:48:54:595 info /api/v1/product  3c998dd6-98a6-4f80-b731-0858344a15e1 response: {"success":false,"error":"\"productNumberOfReviews\" is not allowed"}
2022-6-16 23:49:24:846 info /api/v1/product POST 9f3b3c73-d369-4b49-b3a0-b0b863e17d1e request: {"productName":"test123","productDescription":"test","productPrice":300.4,"productRating":4.5,"productImage":"test","productCategory":"test","productNumberOfReviews":1,"productStock":1}
2022-6-16 23:49:24:860 info /api/v1/product  9f3b3c73-d369-4b49-b3a0-b0b863e17d1e response: {"success":false,"error":"\"productNumberOfReviews\" is not allowed"}
2022-6-16 23:50:06:935 info /api/v1/product POST 409560d3-e5b4-48b5-918b-f79cef909ced request: {"productName":"test123","productDescription":"test","productPrice":300.4,"productRating":4.5,"productImage":"test","productCategory":"test","productNumberOfReviews":1,"productStock":1}
2022-6-16 23:50:06:944 info /api/v1/product  409560d3-e5b4-48b5-918b-f79cef909ced response: {"success":false,"error":"Please Login to access this resource"}
2022-6-16 23:50:17:643 info /api/v1/product POST 0eff9e96-a2bd-4a52-926b-5639a7947758 request: {"productName":"","productDescription":"test","productPrice":300.4,"productRating":4.5,"productImage":"test","productCategory":"test","productNumberOfReviews":1,"productStock":1}
2022-6-16 23:50:17:646 info /api/v1/product  0eff9e96-a2bd-4a52-926b-5639a7947758 response: {"success":false,"error":"\"productName\" is not allowed to be empty"}
2022-6-16 23:50:28:774 info /api/v1/product POST 479edaef-0040-44a5-bf0f-5ab10879732b request: {"productName":"a","productDescription":"test","productPrice":300.4,"productRating":4.5,"productImage":"test","productCategory":"test","productNumberOfReviews":1,"productStock":1}
2022-6-16 23:50:28:786 info /api/v1/product  479edaef-0040-44a5-bf0f-5ab10879732b response: {"success":false,"error":"\"productName\" length must be at least 3 characters long"}
2022-6-16 23:50:51:088 info /api/v1/product POST 4d29b2d0-da9f-47bc-b1ea-e0f153cf6e05 request: {"productName":"a","productDescriptions":"test","productPrice":300.4,"productRating":4.5,"productImage":"test","productCategory":"test","productNumberOfReviews":1,"productStock":1}
2022-6-16 23:50:51:090 info /api/v1/product  4d29b2d0-da9f-47bc-b1ea-e0f153cf6e05 response: {"success":false,"error":"\"productName\" length must be at least 3 characters long"}
2022-6-16 23:50:56:426 info /api/v1/product POST f7a356be-27db-4b1b-8ae1-e74db3474544 request: {"productName":"sssa","productDescriptions":"test","productPrice":300.4,"productRating":4.5,"productImage":"test","productCategory":"test","productNumberOfReviews":1,"productStock":1}
2022-6-16 23:50:56:427 info /api/v1/product  f7a356be-27db-4b1b-8ae1-e74db3474544 response: {"success":false,"error":"\"productDescriptions\" is not allowed"}
2022-6-16 23:51:01:419 info /api/v1/product POST 9a476f92-7422-4206-83a1-3bc2e7ed9b32 request: {"productName":"sssa","productDescription":"test","productPrice":300.4,"productRating":4.5,"productImage":"test","productCategory":"test","productNumberOfReviews":1,"productStock":1}
2022-6-16 23:51:01:423 info /api/v1/product  9a476f92-7422-4206-83a1-3bc2e7ed9b32 response: {"success":false,"error":"Please Login to access this resource"}
2022-6-16 23:53:34:419 info /api/v1/product/1111 PUT bcf5ba41-cfd2-4092-aeb4-e7aeee130f89 request: {"productName":"","productDescription":"test","productPrice":303.4,"productRating":4.5,"productImage":"test","productCategory":"testcatagory","productNumberOfReviews":1,"productStock":1}
2022-6-16 23:53:34:429 info /api/v1/product/1111  bcf5ba41-cfd2-4092-aeb4-e7aeee130f89 response: {"success":false,"error":"\"productName\" is not allowed to be empty"}
2022-6-16 23:54:11:757 info /api/v1/product/1111 PUT 50e04d60-1c35-4316-99f0-7cff3840bc49 request: {"productName":"","productDescription":"test","productPrice":303.4,"productRating":4.5,"productImage":"test","productCategory":"","productNumberOfReviews":1,"productStock":1}
2022-6-16 23:54:11:759 info /api/v1/product/1111  50e04d60-1c35-4316-99f0-7cff3840bc49 response: {"success":false,"error":"\"productName\" is not allowed to be empty"}
2022-6-16 23:54:17:287 info /api/v1/product/1111 PUT dba49aa9-a204-4c4a-b951-08ecd8655348 request: {"productName":"wee","productDescription":"test","productPrice":303.4,"productRating":4.5,"productImage":"test","productCategory":"","productNumberOfReviews":1,"productStock":1}
2022-6-16 23:54:17:290 info /api/v1/product/1111  dba49aa9-a204-4c4a-b951-08ecd8655348 response: {"success":false,"error":"\"productCategory\" is not allowed to be empty"}
2022-6-16 23:55:20:176 info /api/v1/product/1111 PUT b9ab3838-1e13-487d-94c4-7dd845f63cf9 request: {"productName":"wee","productDescription":"test","productPrice":303.4,"productRating":4.5,"productImage":"test","productCategory":"","productNumberOfReviews":1,"productStock":1}
2022-6-16 23:55:20:209 info /api/v1/product/1111  b9ab3838-1e13-487d-94c4-7dd845f63cf9 response: {"success":false,"error":"\"productCategory\" is not allowed to be empty"}
2022-6-16 23:55:47:328 info /api/v1/product/1111 PUT 50cd413c-4f74-4199-b502-553efcad2e99 request: {"productName":"wee","productDescription":"test","productPrice":303.4,"productRating":4.5,"productImage":"test","productCategory":"","productNumberOfReviews":1,"productStock":1}
2022-6-16 23:55:47:359 info /api/v1/product/1111  50cd413c-4f74-4199-b502-553efcad2e99 response: {"success":false}
2022-6-16 23:55:50:025 info /api/v1/product/1111 PUT 4b4c92f6-fc8a-4fdd-91a8-1caa19232095 request: {"productName":"wee","productDescription":"test","productPrice":303.4,"productRating":4.5,"productImage":"test","productCategory":"","productNumberOfReviews":1,"productStock":1}
2022-6-16 23:55:50:036 info /api/v1/product/1111  4b4c92f6-fc8a-4fdd-91a8-1caa19232095 response: {"success":false}
2022-6-16 23:56:54:440 info /api/v1/product/1111 PUT 8940783b-03da-4741-b375-c28d1819eb9b request: {"productName":"wee","productDescription":"test","productPrice":303.4,"productRating":4.5,"productImage":"test","productCategory":"","productNumberOfReviews":1,"productStock":1}
2022-6-16 23:56:54:452 info /api/v1/product/1111  8940783b-03da-4741-b375-c28d1819eb9b response: {"success":false,"error":"\"productCategory\" is not allowed to be empty"}
2022-6-16 23:57:24:163 info /api/v1/product/1111 PUT c22529f9-2ac1-4a37-bfff-5da655d9b831 request: {"productName":"wee","productDescription":"test","productPrice":303.4,"productRating":4.5,"productImage":"test","productCategory":"","productNumberOfReviews":1,"productStock":1}
2022-6-16 23:57:24:178 info /api/v1/product/1111  c22529f9-2ac1-4a37-bfff-5da655d9b831 response: {"success":false,"error":"\"productCategory\" is not allowed to be empty"}
2022-6-16 23:57:54:631 info /api/v1/product/1111 PUT fcd260e6-0831-40cc-b157-7e448f89f86a request: {"productName":"wee","productDescription":"test","productPrice":303.4,"productRating":4.5,"productImage":"test","productCategory":"","productNumberOfReviews":1,"productStock":1}
2022-6-16 23:57:54:645 info /api/v1/product/1111  fcd260e6-0831-40cc-b157-7e448f89f86a response: {"success":false,"error":"\"\\\"productCategory\\\" is not allowed to be empty\""}
2022-6-16 23:58:04:137 info /api/v1/product/1111 PUT cdbe9426-fdf0-4a2f-86eb-7e64d39afe59 request: {"productName":"wee","productDescription":"test","productPrice":303.4,"productRating":4.5,"productImage":"test","productCategory":"","productNumberOfReviews":1,"productStock":1}
2022-6-16 23:58:04:148 info /api/v1/product/1111  cdbe9426-fdf0-4a2f-86eb-7e64d39afe59 response: {"success":false,"error":"Unexpected token i in JSON at position 18"}
2022-6-16 23:58:19:660 info /api/v1/product/1111 PUT b4ea0f32-f0ee-408a-9b77-3468ff441f05 request: {"productName":"wee","productDescription":"test","productPrice":303.4,"productRating":4.5,"productImage":"test","productCategory":"","productNumberOfReviews":1,"productStock":1}
2022-6-16 23:58:19:675 info /api/v1/product/1111  b4ea0f32-f0ee-408a-9b77-3468ff441f05 response: {"success":false,"error":"\"productCategory\" is not allowed to be empty"}
