2022-7-16 21:22:15:803 info /test2 GET 395f5992-2248-4aea-9a8b-0cec43047299 request: {}
2022-7-16 21:29:54:284 info /api/v1/product GET a8cfee37-7d24-4c55-8c76-06ebfce70340 request: {}
2022-7-16 21:29:54:409 info /product  a8cfee37-7d24-4c55-8c76-06ebfce70340 response: [{"productId":1,"productDescription":"test","productName":"test1","productPrice":303.4,"productRating":4.5,"productImage":"test","productCategory":"testcatagory","productStock":1,"productNumberOfReviews":1,"productCreatedBy":null,"createdAt":"2022-05-22","updatedAt":"2022-06-12"},{"productId":2,"productDescription":"test","productName":"test62","productPrice":300.4,"productRating":3.4,"productImage":"test2","productCategory":"test2","productStock":1,"productNumberOfReviews":1,"productCreatedBy":null,"createdAt":"2022-05-22","updatedAt":"2022-05-24"},{"productId":3,"productDescription":"test","productName":"test","productPrice":300.4,"productRating":4.5,"productImage":"test","productCategory":"test","productStock":1,"productNumberOfReviews":1,"productCreatedBy":null,"createdAt":"2022-05-22","updatedAt":"2022-05-22"},{"productId":18,"productDescription":"test","productName":"test","productPrice":300.4,"productRating":4.5,"productImage":"test","productCategory":"test","productStock":1,"productNumberOfReviews":1,"productCreatedBy":null,"createdAt":"2022-05-22","updatedAt":"2022-05-22"},{"productId":19,"productDescription":"test","productName":"test","productPrice":300.4,"productRating":4.5,"productImage":"test","productCategory":"test","productStock":1,"productNumberOfReviews":1,"productCreatedBy":null,"createdAt":"2022-05-22","updatedAt":"2022-05-22"}]
2022-7-16 21:29:57:277 info /api/v1/product GET 983b7837-6c3b-4653-9d0e-2fb455db9f44 request: {}
2022-7-16 21:29:57:285 info /product  983b7837-6c3b-4653-9d0e-2fb455db9f44 response: [{"productId":1,"productDescription":"test","productName":"test1","productPrice":303.4,"productRating":4.5,"productImage":"test","productCategory":"testcatagory","productStock":1,"productNumberOfReviews":1,"productCreatedBy":null,"createdAt":"2022-05-22","updatedAt":"2022-06-12"},{"productId":2,"productDescription":"test","productName":"test62","productPrice":300.4,"productRating":3.4,"productImage":"test2","productCategory":"test2","productStock":1,"productNumberOfReviews":1,"productCreatedBy":null,"createdAt":"2022-05-22","updatedAt":"2022-05-24"},{"productId":3,"productDescription":"test","productName":"test","productPrice":300.4,"productRating":4.5,"productImage":"test","productCategory":"test","productStock":1,"productNumberOfReviews":1,"productCreatedBy":null,"createdAt":"2022-05-22","updatedAt":"2022-05-22"},{"productId":18,"productDescription":"test","productName":"test","productPrice":300.4,"productRating":4.5,"productImage":"test","productCategory":"test","productStock":1,"productNumberOfReviews":1,"productCreatedBy":null,"createdAt":"2022-05-22","updatedAt":"2022-05-22"},{"productId":19,"productDescription":"test","productName":"test","productPrice":300.4,"productRating":4.5,"productImage":"test","productCategory":"test","productStock":1,"productNumberOfReviews":1,"productCreatedBy":null,"createdAt":"2022-05-22","updatedAt":"2022-05-22"}]
2022-7-16 21:30:04:553 info /api/v1/product GET d7f7c483-449e-4b68-913e-8f6b02f06a67 request: {}
2022-7-16 21:30:04:566 info /product  d7f7c483-449e-4b68-913e-8f6b02f06a67 response: [{"productId":1,"productDescription":"test","productName":"test1","productPrice":303.4,"productRating":4.5,"productImage":"test","productCategory":"testcatagory","productStock":1,"productNumberOfReviews":1,"productCreatedBy":null,"createdAt":"2022-05-22","updatedAt":"2022-06-12"},{"productId":2,"productDescription":"test","productName":"test62","productPrice":300.4,"productRating":3.4,"productImage":"test2","productCategory":"test2","productStock":1,"productNumberOfReviews":1,"productCreatedBy":null,"createdAt":"2022-05-22","updatedAt":"2022-05-24"},{"productId":3,"productDescription":"test","productName":"test","productPrice":300.4,"productRating":4.5,"productImage":"test","productCategory":"test","productStock":1,"productNumberOfReviews":1,"productCreatedBy":null,"createdAt":"2022-05-22","updatedAt":"2022-05-22"},{"productId":18,"productDescription":"test","productName":"test","productPrice":300.4,"productRating":4.5,"productImage":"test","productCategory":"test","productStock":1,"productNumberOfReviews":1,"productCreatedBy":null,"createdAt":"2022-05-22","updatedAt":"2022-05-22"},{"productId":19,"productDescription":"test","productName":"test","productPrice":300.4,"productRating":4.5,"productImage":"test","productCategory":"test","productStock":1,"productNumberOfReviews":1,"productCreatedBy":null,"createdAt":"2022-05-22","updatedAt":"2022-05-22"}]
2022-7-16 21:30:04:637 info /test GET 184385e9-4d88-437f-a23a-67b6b7f37911 request: {}
2022-7-16 21:30:04:642 info /test2 GET 55b40ad3-7d4b-49b6-b791-3afe42134428 request: {}
2022-7-16 21:31:13:127 info /api/v1/product GET c4c3dac6-f8a6-4c43-9e1e-ac108ecf44b5 request: {}
2022-7-16 21:31:13:138 info /api/v1/product  c4c3dac6-f8a6-4c43-9e1e-ac108ecf44b5 response: {"success":false,"error":"this is custom error"}
2022-7-16 21:31:13:290 info /api/v1/product  c4c3dac6-f8a6-4c43-9e1e-ac108ecf44b5 response: [{"productId":1,"productDescription":"test","productName":"test1","productPrice":303.4,"productRating":4.5,"productImage":"test","productCategory":"testcatagory","productStock":1,"productNumberOfReviews":1,"productCreatedBy":null,"createdAt":"2022-05-22","updatedAt":"2022-06-12"},{"productId":2,"productDescription":"test","productName":"test62","productPrice":300.4,"productRating":3.4,"productImage":"test2","productCategory":"test2","productStock":1,"productNumberOfReviews":1,"productCreatedBy":null,"createdAt":"2022-05-22","updatedAt":"2022-05-24"},{"productId":3,"productDescription":"test","productName":"test","productPrice":300.4,"productRating":4.5,"productImage":"test","productCategory":"test","productStock":1,"productNumberOfReviews":1,"productCreatedBy":null,"createdAt":"2022-05-22","updatedAt":"2022-05-22"},{"productId":18,"productDescription":"test","productName":"test","productPrice":300.4,"productRating":4.5,"productImage":"test","productCategory":"test","productStock":1,"productNumberOfReviews":1,"productCreatedBy":null,"createdAt":"2022-05-22","updatedAt":"2022-05-22"},{"productId":19,"productDescription":"test","productName":"test","productPrice":300.4,"productRating":4.5,"productImage":"test","productCategory":"test","productStock":1,"productNumberOfReviews":1,"productCreatedBy":null,"createdAt":"2022-05-22","updatedAt":"2022-05-22"}]
2022-7-16 21:31:43:231 info /api/v1/product GET c0f9cb58-4bb9-4ef6-b549-260eda55fe01 request: {}
2022-7-16 21:31:43:234 info /api/v1/product  c0f9cb58-4bb9-4ef6-b549-260eda55fe01 response: {"success":false,"error":"this is custom error"}
2022-7-16 21:32:06:529 info /api/v1/product GET f5432960-cbd1-4a69-91c8-32c12b6e11dc request: {}
2022-7-16 21:32:06:531 info /api/v1/product  f5432960-cbd1-4a69-91c8-32c12b6e11dc response: {"success":false,"error":"this is custom error"}
2022-7-16 21:32:22:101 info /api/v1/product GET de704778-c386-4c23-a090-57d82bcbf156 request: {}
2022-7-16 21:32:22:102 info /api/v1/product  de704778-c386-4c23-a090-57d82bcbf156 response: {"success":false,"error":"this is custom error"}
2022-7-16 21:32:23:630 info /api/v1/product GET 5ddbcc0b-fa32-4f5a-87cd-c0d2764bc8b0 request: {}
2022-7-16 21:32:23:630 info /api/v1/product  5ddbcc0b-fa32-4f5a-87cd-c0d2764bc8b0 response: {"success":false,"error":"this is custom error"}
2022-7-16 21:32:53:814 info /api/v1/product GET 38eb7afa-e923-43a7-979f-22513ea17a06 request: {}
2022-7-16 21:32:53:814 info /api/v1/product  38eb7afa-e923-43a7-979f-22513ea17a06 response: {"success":false,"error":"this is custom error"}
2022-7-16 21:33:44:066 info /api/v1/product GET 138832c5-6382-41eb-9cf9-4cf36bc38238 request: {}
2022-7-16 21:33:44:066 info /api/v1/product  138832c5-6382-41eb-9cf9-4cf36bc38238 response: {"success":false,"error":"this is custom error"}
2022-7-16 21:33:48:345 info /api/v1/product GET 48c32cf9-3b19-4c99-b327-92cfc96310d3 request: {}
2022-7-16 21:33:48:346 info /api/v1/product  48c32cf9-3b19-4c99-b327-92cfc96310d3 response: {"success":false,"error":"this is custom error"}
2022-7-16 21:33:51:474 info /api/v1/product GET 05aa870c-5ed6-4506-bf78-0dbe4c593003 request: {}
2022-7-16 21:33:51:475 info /api/v1/product  05aa870c-5ed6-4506-bf78-0dbe4c593003 response: {"success":false,"error":"this is custom error"}
2022-7-16 21:34:01:319 info /api/v1/product GET bb27246d-6e5a-4ecf-8c2c-59a275e4d3cf request: {}
2022-7-16 21:34:01:320 info /api/v1/product  bb27246d-6e5a-4ecf-8c2c-59a275e4d3cf response: {"success":false,"error":"this is custom error"}
2022-7-16 21:49:24:031 info /api/v1/product GET 190e5242-86b2-4092-ab9b-72b997a46617 request: {}
2022-7-16 21:49:24:036 info /api/v1/product  190e5242-86b2-4092-ab9b-72b997a46617 response: {"success":false,"error":"this is custom error"}
2022-7-16 21:49:32:515 info /api/v1/product GET 30c07f68-3496-42a4-977a-78c3895d64be request: {}
2022-7-16 21:49:32:516 info /api/v1/product  30c07f68-3496-42a4-977a-78c3895d64be response: {"success":false,"error":"this is custom error"}
2022-7-16 21:50:00:986 info /api/v1/product GET e83b47fd-f1bd-43fd-a173-25dca4d7a6ed request: {}
2022-7-16 21:50:00:990 info /api/v1/product  e83b47fd-f1bd-43fd-a173-25dca4d7a6ed response: {"success":false,"error":"this is custom error"}
2022-7-16 21:50:08:300 info /api/v1/product GET 00bb67dd-d3a3-479d-9ada-1117caf13347 request: {}
2022-7-16 21:50:08:301 info /api/v1/product  00bb67dd-d3a3-479d-9ada-1117caf13347 response: {"success":false,"error":"this is custom error"}
