2022-6-16 23:46:24:794 info /api/v1/product/1111  70ea055d-2b78-47f2-8597-82f87e354250 response: {"success":false,"error":"Cannot read property 'validateAsync' of undefined"}
2022-6-16 23:48:00:506 info /api/v1/product/1111 PUT 753a50e1-2aac-44e2-adfc-940c010ee9a9 request: {"productName":"","productDescription":"test","productPrice":303.4,"productRating":4.5,"productImage":"test","productCategory":"testcatagory","productNumberOfReviews":1,"productStock":1}
2022-6-16 23:48:00:511 error /api/v1/product/1111  753a50e1-2aac-44e2-adfc-940c010ee9a9 : TypeError: Cannot read property 'validateAsync' of undefined TypeError: Cannot read property 'validateAsync' of undefined
    at D:\fullstack\Apna Bazaar\server\src\middlewares\schemaValidation.js:17:18
    at D:\fullstack\Apna Bazaar\server\src\middlewares\asyncError.js:2:19
    at Layer.handle [as handle_request] (D:\fullstack\Apna Bazaar\server\node_modules\express\lib\router\layer.js:95:5)
    at trim_prefix (D:\fullstack\Apna Bazaar\server\node_modules\express\lib\router\index.js:328:13)
    at D:\fullstack\Apna Bazaar\server\node_modules\express\lib\router\index.js:286:9
    at Function.process_params (D:\fullstack\Apna Bazaar\server\node_modules\express\lib\router\index.js:346:12)
    at next (D:\fullstack\Apna Bazaar\server\node_modules\express\lib\router\index.js:280:10)
    at interceptRequestResponse (D:\fullstack\Apna Bazaar\server\src\middlewares\interceptRequestResponse.js:25:3)
    at Layer.handle [as handle_request] (D:\fullstack\Apna Bazaar\server\node_modules\express\lib\router\layer.js:95:5)
    at trim_prefix (D:\fullstack\Apna Bazaar\server\node_modules\express\lib\router\index.js:328:13)
2022-6-16 23:48:00:512 info /api/v1/product/1111  753a50e1-2aac-44e2-adfc-940c010ee9a9 response: {"success":false,"error":"Cannot read property 'validateAsync' of undefined"}
2022-6-16 23:48:10:411 info /api/v1/product POST 66258dcd-bdc5-4287-9b05-433790d45eea request: {"productName":"test123","productDescription":"test","productPrice":300.4,"productRating":4.5,"productImage":"test","productCategory":"test","productNumberOfReviews":1,"productStock":1}
2022-6-16 23:48:10:453 error /api/v1/product  66258dcd-bdc5-4287-9b05-433790d45eea : TypeError: schema.validateAsync is not a function TypeError: schema.validateAsync is not a function
    at D:\fullstack\Apna Bazaar\server\src\middlewares\schemaValidation.js:17:18
    at D:\fullstack\Apna Bazaar\server\src\middlewares\asyncError.js:2:19
    at Layer.handle [as handle_request] (D:\fullstack\Apna Bazaar\server\node_modules\express\lib\router\layer.js:95:5)
    at trim_prefix (D:\fullstack\Apna Bazaar\server\node_modules\express\lib\router\index.js:328:13)
    at D:\fullstack\Apna Bazaar\server\node_modules\express\lib\router\index.js:286:9
    at Function.process_params (D:\fullstack\Apna Bazaar\server\node_modules\express\lib\router\index.js:346:12)
    at next (D:\fullstack\Apna Bazaar\server\node_modules\express\lib\router\index.js:280:10)
    at interceptRequestResponse (D:\fullstack\Apna Bazaar\server\src\middlewares\interceptRequestResponse.js:25:3)
    at Layer.handle [as handle_request] (D:\fullstack\Apna Bazaar\server\node_modules\express\lib\router\layer.js:95:5)
    at trim_prefix (D:\fullstack\Apna Bazaar\server\node_modules\express\lib\router\index.js:328:13)
2022-6-16 23:48:10:454 info /api/v1/product  66258dcd-bdc5-4287-9b05-433790d45eea response: {"success":false,"error":"schema.validateAsync is not a function"}
2022-6-16 23:48:54:427 info /api/v1/product POST 3c998dd6-98a6-4f80-b731-0858344a15e1 request: {"productName":"test123","productDescription":"test","productPrice":300.4,"productRating":4.5,"productImage":"test","productCategory":"test","productNumberOfReviews":1,"productStock":1}
2022-6-16 23:48:54:593 error /api/v1/product  3c998dd6-98a6-4f80-b731-0858344a15e1 : ValidationError: "productNumberOfReviews" is not allowed ValidationError: "productNumberOfReviews" is not allowed
2022-6-16 23:48:54:595 info /api/v1/product  3c998dd6-98a6-4f80-b731-0858344a15e1 response: {"success":false,"error":"\"productNumberOfReviews\" is not allowed"}
2022-6-16 23:49:24:846 info /api/v1/product POST 9f3b3c73-d369-4b49-b3a0-b0b863e17d1e request: {"productName":"test123","productDescription":"test","productPrice":300.4,"productRating":4.5,"productImage":"test","productCategory":"test","productNumberOfReviews":1,"productStock":1}
2022-6-16 23:49:24:859 error /api/v1/product  9f3b3c73-d369-4b49-b3a0-b0b863e17d1e : ValidationError: "productNumberOfReviews" is not allowed ValidationError: "productNumberOfReviews" is not allowed
2022-6-16 23:49:24:860 info /api/v1/product  9f3b3c73-d369-4b49-b3a0-b0b863e17d1e response: {"success":false,"error":"\"productNumberOfReviews\" is not allowed"}
2022-6-16 23:50:06:935 info /api/v1/product POST 409560d3-e5b4-48b5-918b-f79cef909ced request: {"productName":"test123","productDescription":"test","productPrice":300.4,"productRating":4.5,"productImage":"test","productCategory":"test","productNumberOfReviews":1,"productStock":1}
2022-6-16 23:50:06:944 info /api/v1/product  409560d3-e5b4-48b5-918b-f79cef909ced response: {"success":false,"error":"Please Login to access this resource"}
2022-6-16 23:50:17:643 info /api/v1/product POST 0eff9e96-a2bd-4a52-926b-5639a7947758 request: {"productName":"","productDescription":"test","productPrice":300.4,"productRating":4.5,"productImage":"test","productCategory":"test","productNumberOfReviews":1,"productStock":1}
2022-6-16 23:50:17:646 error /api/v1/product  0eff9e96-a2bd-4a52-926b-5639a7947758 : ValidationError: "productName" is not allowed to be empty ValidationError: "productName" is not allowed to be empty
2022-6-16 23:50:17:646 info /api/v1/product  0eff9e96-a2bd-4a52-926b-5639a7947758 response: {"success":false,"error":"\"productName\" is not allowed to be empty"}
2022-6-16 23:50:28:774 info /api/v1/product POST 479edaef-0040-44a5-bf0f-5ab10879732b request: {"productName":"a","productDescription":"test","productPrice":300.4,"productRating":4.5,"productImage":"test","productCategory":"test","productNumberOfReviews":1,"productStock":1}
2022-6-16 23:50:28:785 error /api/v1/product  479edaef-0040-44a5-bf0f-5ab10879732b : ValidationError: "productName" length must be at least 3 characters long ValidationError: "productName" length must be at least 3 characters long
2022-6-16 23:50:28:786 info /api/v1/product  479edaef-0040-44a5-bf0f-5ab10879732b response: {"success":false,"error":"\"productName\" length must be at least 3 characters long"}
2022-6-16 23:50:51:088 info /api/v1/product POST 4d29b2d0-da9f-47bc-b1ea-e0f153cf6e05 request: {"productName":"a","productDescriptions":"test","productPrice":300.4,"productRating":4.5,"productImage":"test","productCategory":"test","productNumberOfReviews":1,"productStock":1}
2022-6-16 23:50:51:089 error /api/v1/product  4d29b2d0-da9f-47bc-b1ea-e0f153cf6e05 : ValidationError: "productName" length must be at least 3 characters long ValidationError: "productName" length must be at least 3 characters long
2022-6-16 23:50:51:090 info /api/v1/product  4d29b2d0-da9f-47bc-b1ea-e0f153cf6e05 response: {"success":false,"error":"\"productName\" length must be at least 3 characters long"}
2022-6-16 23:50:56:426 info /api/v1/product POST f7a356be-27db-4b1b-8ae1-e74db3474544 request: {"productName":"sssa","productDescriptions":"test","productPrice":300.4,"productRating":4.5,"productImage":"test","productCategory":"test","productNumberOfReviews":1,"productStock":1}
2022-6-16 23:50:56:427 error /api/v1/product  f7a356be-27db-4b1b-8ae1-e74db3474544 : ValidationError: "productDescriptions" is not allowed ValidationError: "productDescriptions" is not allowed
2022-6-16 23:50:56:427 info /api/v1/product  f7a356be-27db-4b1b-8ae1-e74db3474544 response: {"success":false,"error":"\"productDescriptions\" is not allowed"}
2022-6-16 23:51:01:419 info /api/v1/product POST 9a476f92-7422-4206-83a1-3bc2e7ed9b32 request: {"productName":"sssa","productDescription":"test","productPrice":300.4,"productRating":4.5,"productImage":"test","productCategory":"test","productNumberOfReviews":1,"productStock":1}
2022-6-16 23:51:01:423 info /api/v1/product  9a476f92-7422-4206-83a1-3bc2e7ed9b32 response: {"success":false,"error":"Please Login to access this resource"}
2022-6-16 23:53:34:419 info /api/v1/product/1111 PUT bcf5ba41-cfd2-4092-aeb4-e7aeee130f89 request: {"productName":"","productDescription":"test","productPrice":303.4,"productRating":4.5,"productImage":"test","productCategory":"testcatagory","productNumberOfReviews":1,"productStock":1}
2022-6-16 23:53:34:427 error /api/v1/product/1111  bcf5ba41-cfd2-4092-aeb4-e7aeee130f89 : ValidationError: "productName" is not allowed to be empty ValidationError: "productName" is not allowed to be empty
2022-6-16 23:53:34:429 info /api/v1/product/1111  bcf5ba41-cfd2-4092-aeb4-e7aeee130f89 response: {"success":false,"error":"\"productName\" is not allowed to be empty"}
2022-6-16 23:54:11:757 info /api/v1/product/1111 PUT 50e04d60-1c35-4316-99f0-7cff3840bc49 request: {"productName":"","productDescription":"test","productPrice":303.4,"productRating":4.5,"productImage":"test","productCategory":"","productNumberOfReviews":1,"productStock":1}
2022-6-16 23:54:11:759 error /api/v1/product/1111  50e04d60-1c35-4316-99f0-7cff3840bc49 : ValidationError: "productName" is not allowed to be empty ValidationError: "productName" is not allowed to be empty
2022-6-16 23:54:11:759 info /api/v1/product/1111  50e04d60-1c35-4316-99f0-7cff3840bc49 response: {"success":false,"error":"\"productName\" is not allowed to be empty"}
2022-6-16 23:54:17:287 info /api/v1/product/1111 PUT dba49aa9-a204-4c4a-b951-08ecd8655348 request: {"productName":"wee","productDescription":"test","productPrice":303.4,"productRating":4.5,"productImage":"test","productCategory":"","productNumberOfReviews":1,"productStock":1}
2022-6-16 23:54:17:289 error /api/v1/product/1111  dba49aa9-a204-4c4a-b951-08ecd8655348 : ValidationError: "productCategory" is not allowed to be empty ValidationError: "productCategory" is not allowed to be empty
2022-6-16 23:54:17:290 info /api/v1/product/1111  dba49aa9-a204-4c4a-b951-08ecd8655348 response: {"success":false,"error":"\"productCategory\" is not allowed to be empty"}
