2022-6-16 23:55:20:176 info /api/v1/product/1111 PUT b9ab3838-1e13-487d-94c4-7dd845f63cf9 request: {"productName":"wee","productDescription":"test","productPrice":303.4,"productRating":4.5,"productImage":"test","productCategory":"","productNumberOfReviews":1,"productStock":1}
2022-6-16 23:55:20:208 error /api/v1/product/1111  b9ab3838-1e13-487d-94c4-7dd845f63cf9 : ValidationError: "productCategory" is not allowed to be empty ValidationError: "productCategory" is not allowed to be empty
2022-6-16 23:55:20:209 info /api/v1/product/1111  b9ab3838-1e13-487d-94c4-7dd845f63cf9 response: {"success":false,"error":"\"productCategory\" is not allowed to be empty"}
2022-6-16 23:55:47:328 info /api/v1/product/1111 PUT 50cd413c-4f74-4199-b502-553efcad2e99 request: {"productName":"wee","productDescription":"test","productPrice":303.4,"productRating":4.5,"productImage":"test","productCategory":"","productNumberOfReviews":1,"productStock":1}
2022-6-16 23:55:47:359 info /api/v1/product/1111  50cd413c-4f74-4199-b502-553efcad2e99 response: {"success":false}
2022-6-16 23:55:50:025 info /api/v1/product/1111 PUT 4b4c92f6-fc8a-4fdd-91a8-1caa19232095 request: {"productName":"wee","productDescription":"test","productPrice":303.4,"productRating":4.5,"productImage":"test","productCategory":"","productNumberOfReviews":1,"productStock":1}
2022-6-16 23:55:50:036 info /api/v1/product/1111  4b4c92f6-fc8a-4fdd-91a8-1caa19232095 response: {"success":false}
2022-6-16 23:56:54:440 info /api/v1/product/1111 PUT 8940783b-03da-4741-b375-c28d1819eb9b request: {"productName":"wee","productDescription":"test","productPrice":303.4,"productRating":4.5,"productImage":"test","productCategory":"","productNumberOfReviews":1,"productStock":1}
2022-6-16 23:56:54:452 info /api/v1/product/1111  8940783b-03da-4741-b375-c28d1819eb9b response: {"success":false,"error":"\"productCategory\" is not allowed to be empty"}
2022-6-16 23:57:24:163 info /api/v1/product/1111 PUT c22529f9-2ac1-4a37-bfff-5da655d9b831 request: {"productName":"wee","productDescription":"test","productPrice":303.4,"productRating":4.5,"productImage":"test","productCategory":"","productNumberOfReviews":1,"productStock":1}
2022-6-16 23:57:24:178 info /api/v1/product/1111  c22529f9-2ac1-4a37-bfff-5da655d9b831 response: {"success":false,"error":"\"productCategory\" is not allowed to be empty"}
2022-6-16 23:57:54:631 info /api/v1/product/1111 PUT fcd260e6-0831-40cc-b157-7e448f89f86a request: {"productName":"wee","productDescription":"test","productPrice":303.4,"productRating":4.5,"productImage":"test","productCategory":"","productNumberOfReviews":1,"productStock":1}
2022-6-16 23:57:54:645 info /api/v1/product/1111  fcd260e6-0831-40cc-b157-7e448f89f86a response: {"success":false,"error":"\"\\\"productCategory\\\" is not allowed to be empty\""}
2022-6-16 23:58:04:137 info /api/v1/product/1111 PUT cdbe9426-fdf0-4a2f-86eb-7e64d39afe59 request: {"productName":"wee","productDescription":"test","productPrice":303.4,"productRating":4.5,"productImage":"test","productCategory":"","productNumberOfReviews":1,"productStock":1}
2022-6-16 23:58:04:147 error /api/v1/product/1111  cdbe9426-fdf0-4a2f-86eb-7e64d39afe59 : SyntaxError: Unexpected token i in JSON at position 18 SyntaxError: Unexpected token i in JSON at position 18
    at JSON.parse (<anonymous>)
    at D:\fullstack\Apna Bazaar\server\src\middlewares\schemaValidation.js:20:32
    at processTicksAndRejections (internal/process/task_queues.js:93:5)
2022-6-16 23:58:04:148 info /api/v1/product/1111  cdbe9426-fdf0-4a2f-86eb-7e64d39afe59 response: {"success":false,"error":"Unexpected token i in JSON at position 18"}
2022-6-16 23:58:19:660 info /api/v1/product/1111 PUT b4ea0f32-f0ee-408a-9b77-3468ff441f05 request: {"productName":"wee","productDescription":"test","productPrice":303.4,"productRating":4.5,"productImage":"test","productCategory":"","productNumberOfReviews":1,"productStock":1}
2022-6-16 23:58:19:675 info /api/v1/product/1111  b4ea0f32-f0ee-408a-9b77-3468ff441f05 response: {"success":false,"error":"\"productCategory\" is not allowed to be empty"}
